2019-03-04 15:29:31,198 - log\train.log - INFO - num_chars      :	4412
2019-03-04 15:29:31,199 - log\train.log - INFO - char_dim       :	100
2019-03-04 15:29:31,200 - log\train.log - INFO - num_tags       :	7
2019-03-04 15:29:31,202 - log\train.log - INFO - seg_dim        :	20
2019-03-04 15:29:31,202 - log\train.log - INFO - lstm_dim       :	100
2019-03-04 15:29:31,203 - log\train.log - INFO - batch_size     :	20
2019-03-04 15:29:31,204 - log\train.log - INFO - emb_file       :	wiki_100.utf8
2019-03-04 15:29:31,205 - log\train.log - INFO - clip           :	5
2019-03-04 15:29:31,206 - log\train.log - INFO - dropout_keep   :	0.5
2019-03-04 15:29:31,206 - log\train.log - INFO - optimizer      :	adam
2019-03-04 15:29:31,207 - log\train.log - INFO - lr             :	0.001
2019-03-04 15:29:31,207 - log\train.log - INFO - tag_schema     :	iob
2019-03-04 15:29:31,208 - log\train.log - INFO - pre_emb        :	True
2019-03-04 15:29:31,208 - log\train.log - INFO - zeros          :	False
2019-03-04 15:29:31,209 - log\train.log - INFO - lower          :	True
2019-03-04 15:29:33,386 - log\train.log - INFO - Created model with fresh parameters.
2019-03-04 15:29:35,292 - log\train.log - INFO - Load pre-trained embedding.
2019-03-04 15:29:35,293 - log\train.log - INFO - start training
2019-03-04 15:29:49,670 - log\train.log - INFO - iteration:1 step:100/1044, NER loss:21.654539
2019-03-04 15:30:05,739 - log\train.log - INFO - iteration:1 step:200/1044, NER loss:10.822867
2019-03-04 15:30:21,283 - log\train.log - INFO - iteration:1 step:300/1044, NER loss: 7.830047
2019-03-04 15:30:38,059 - log\train.log - INFO - iteration:1 step:400/1044, NER loss: 7.202118
2019-03-04 15:30:53,687 - log\train.log - INFO - iteration:1 step:500/1044, NER loss: 6.269763
2019-03-04 15:31:07,504 - log\train.log - INFO - iteration:1 step:600/1044, NER loss: 5.165268
2019-03-04 15:31:22,826 - log\train.log - INFO - iteration:1 step:700/1044, NER loss: 8.229007
2019-03-04 15:31:36,584 - log\train.log - INFO - iteration:1 step:800/1044, NER loss: 4.654179
2019-03-04 15:31:51,865 - log\train.log - INFO - iteration:1 step:900/1044, NER loss: 4.802794
2019-03-04 15:32:08,247 - log\train.log - INFO - iteration:1 step:1000/1044, NER loss: 4.491592
2019-03-04 15:32:16,515 - log\train.log - INFO - evaluate:dev
